This file contains any messages produced by compilers while
running configure, to aid debugging if configure makes a mistake.

It was created by ngpt configure 0.10, which was
generated by GNU Autoconf 2.69.  Invocation command line was

  $ ./configure 

## --------- ##
## Platform. ##
## --------- ##

hostname = durruti
uname -m = x86_64
uname -r = 3.16.7-21-desktop
uname -s = Linux
uname -v = #1 SMP PREEMPT Tue Apr 14 07:11:37 UTC 2015 (93c1539)

/usr/bin/uname -p = x86_64
/bin/uname -X     = unknown

/bin/arch              = x86_64
/usr/bin/arch -k       = unknown
/usr/convex/getsysinfo = unknown
/usr/bin/hostinfo      = unknown
/bin/machine           = unknown
/usr/bin/oslevel       = unknown
/bin/universe          = unknown

PATH: /home/xanthos/bin
PATH: /usr/local/bin
PATH: /usr/bin
PATH: /bin
PATH: /usr/bin/X11
PATH: /usr/games
PATH: /opt/bin
PATH: /opt/kde3/bin
PATH: /usr/lib/mit/bin
PATH: /usr/lib/mit/sbin
PATH: /home/xanthos/Software/teqc
PATH: /home/xanthos/Software/DateConverterV1.1/DateConverter
PATH: /home/xanthos/Software/cc2noncc/cc2noncc_6.4/bin
PATH: /home/xanthos/Software/gps_utils/RNXCMP_4.0.4_Linux_x86_64bit/bin/
PATH: /home/xanthos/Installations/gps_utils
PATH: /home/xanthos/Software/teqc
PATH: /home/xanthos/Software/DateConverterV1.1/DateConverter
PATH: /home/xanthos/Software/cc2noncc/cc2noncc_6.4/bin
PATH: /home/xanthos/Software/gps_utils/RNXCMP_4.0.4_Linux_x86_64bit/bin/
PATH: /home/xanthos/Installations/gps_utils


## ----------- ##
## Core tests. ##
## ----------- ##

configure:2062: loading site script /usr/share/site/x86_64-unknown-linux-gnu
| #!/bin/sh
| # Site script for configure. It is resourced via $CONFIG_SITE environment varaible.
| 
| # If user did not specify libdir, guess the correct target:
| # Use lib64 for 64 bit bi-arch targets, keep the default for the rest.
| if test "$libdir" = '${exec_prefix}/lib' ; then
| 
| 	ac_config_site_64bit_host=NONE
| 
| 	case "$host" in
| 	"" )
| 		# User did not specify host target.
| 		# The native platform x86_64 is a bi-arch platform.
| 		# Try to detect cross-compilation to inferior architecture.
| 
| 		# We are trying to guess 32-bit target compilation. It's not as easy as
| 		# it sounds, as there is possible several intermediate combinations.
| 		ac_config_site_cross_to_32bit_host=NONE
| 
| 		# User defined -m32 in CFLAGS or CXXFLAGS:
| 		# (It's sufficient for 32-bit, but alone may cause mis-behavior of some checks.)
| 		case "$CFLAGS" in
| 		*-m32*)
| 			ac_config_site_cross_to_32bit_host=YES
| 			;;
| 		esac
| 		case "$CXXFLAGS" in
| 		*-m32*)
| 			ac_config_site_cross_to_32bit_host=YES
| 			;;
| 		esac
| 
| 		# Running with linux32:
| 		# (Changes detected platform, but not the toolchain target.)
| 		case "`/bin/uname -i`" in
| 		x86_64 | ppc64 | s390x )
| 			;;
| 		* )
| 			ac_config_site_cross_to_32bit_host=YES
| 			;;
| 		esac
| 
| 		if test "x$ac_config_site_cross_to_32bit_host" = xNONE; then
| 			ac_config_site_64bit_host=YES
| 		fi
| 
| 		;;
| 	*x86_64* | *ppc64* | *s390x* )
| 		ac_config_site_64bit_host=YES
| 		;;
| 	esac
| 
| 	if test "x$ac_config_site_64bit_host" = xYES; then
| 		libdir='${exec_prefix}/lib64'
| 	fi
| fi
| 
| # If user did not specify libexecdir, set the correct target:
| # Nor FHS nor openSUSE allow prefix/libexec. Let's default to prefix/lib.
| 
| if test "$libexecdir" = '${exec_prefix}/libexec' ; then
| 	libexecdir='${exec_prefix}/lib'
| fi
| 
| # Continue with the standard behavior of configure defined in AC_SITE_LOAD:
| if test "x$prefix" != xNONE; then
| 	ac_site_file1=$prefix/share/config.site
| 	ac_site_file2=$prefix/etc/config.site
| else
| 	ac_site_file1=$ac_default_prefix/share/config.site
| 	ac_site_file2=$ac_default_prefix/etc/config.site
| fi
| for ac_site_file in "$ac_site_file1" "$ac_site_file2"
| do
| 	test "x$ac_site_file" = xNONE && continue
| 	if test /dev/null != "$ac_site_file" && test -r "$ac_site_file"; then
| 		{ $as_echo "/usr/share/site/x86_64-unknown-linux-gnu:${as_lineno-$LINENO}: loading site script $ac_site_file" >&5
| $as_echo "/usr/share/site/x86_64-unknown-linux-gnu: loading site script $ac_site_file" >&6;}
| 		sed 's/^/| /' "$ac_site_file" >&5
| 		. "$ac_site_file" \
| 			|| { { $as_echo "/usr/share/site/x86_64-unknown-linux-gnu:${as_lineno-$LINENO}: error: in \`$ac_pwd':" >&5
| $as_echo "/usr/share/site/x86_64-unknown-linux-gnu: error: in \`$ac_pwd':" >&2;}
| as_fn_error $? "failed to load site script $ac_site_file
| See \`config.log' for more details" "$LINENO" 5; }
| 	fi
| done
configure:2203: checking for a BSD-compatible install
configure:2271: result: /usr/bin/install -c
configure:2282: checking whether build environment is sane
configure:2337: result: yes
configure:2488: checking for a thread-safe mkdir -p
configure:2527: result: /usr/bin/mkdir -p
configure:2534: checking for gawk
configure:2550: found /usr/bin/gawk
configure:2561: result: gawk
configure:2572: checking whether make sets $(MAKE)
configure:2594: result: yes
configure:2623: checking whether make supports nested variables
configure:2640: result: yes
configure:2785: checking for gcc
configure:2801: found /usr/bin/gcc
configure:2812: result: gcc
configure:3041: checking for C compiler version
configure:3050: gcc --version >&5
gcc (SUSE Linux) 4.8.3 20140627 [gcc-4_8-branch revision 212064]
Copyright (C) 2013 Free Software Foundation, Inc.
This is free software; see the source for copying conditions.  There is NO
warranty; not even for MERCHANTABILITY or FITNESS FOR A PARTICULAR PURPOSE.

configure:3061: $? = 0
configure:3050: gcc -v >&5
Using built-in specs.
COLLECT_GCC=gcc
COLLECT_LTO_WRAPPER=/usr/lib64/gcc/x86_64-suse-linux/4.8/lto-wrapper
Target: x86_64-suse-linux
Configured with: ../configure --prefix=/usr --infodir=/usr/share/info --mandir=/usr/share/man --libdir=/usr/lib64 --libexecdir=/usr/lib64 --enable-languages=c,c++,objc,fortran,obj-c++,java,ada --enable-checking=release --with-gxx-include-dir=/usr/include/c++/4.8 --enable-ssp --disable-libssp --disable-plugin --with-bugurl=http://bugs.opensuse.org/ --with-pkgversion='SUSE Linux' --disable-libgcj --disable-libmudflap --with-slibdir=/lib64 --with-system-zlib --enable-__cxa_atexit --enable-libstdcxx-allocator=new --disable-libstdcxx-pch --enable-version-specific-runtime-libs --enable-linker-build-id --enable-linux-futex --program-suffix=-4.8 --without-system-libunwind --with-arch-32=i586 --with-tune=generic --build=x86_64-suse-linux --host=x86_64-suse-linux
Thread model: posix
gcc version 4.8.3 20140627 [gcc-4_8-branch revision 212064] (SUSE Linux) 
configure:3061: $? = 0
configure:3050: gcc -V >&5
gcc: error: unrecognized command line option '-V'
gcc: fatal error: no input files
compilation terminated.
configure:3061: $? = 1
configure:3050: gcc -qversion >&5
gcc: error: unrecognized command line option '-qversion'
gcc: fatal error: no input files
compilation terminated.
configure:3061: $? = 1
configure:3081: checking whether the C compiler works
configure:3103: gcc    conftest.c  >&5
configure:3107: $? = 0
configure:3155: result: yes
configure:3158: checking for C compiler default output file name
configure:3160: result: a.out
configure:3166: checking for suffix of executables
configure:3173: gcc -o conftest    conftest.c  >&5
configure:3177: $? = 0
configure:3199: result: 
configure:3221: checking whether we are cross compiling
configure:3229: gcc -o conftest    conftest.c  >&5
configure:3233: $? = 0
configure:3240: ./conftest
configure:3244: $? = 0
configure:3259: result: no
configure:3264: checking for suffix of object files
configure:3286: gcc -c   conftest.c >&5
configure:3290: $? = 0
configure:3311: result: o
configure:3315: checking whether we are using the GNU C compiler
configure:3334: gcc -c   conftest.c >&5
configure:3334: $? = 0
configure:3343: result: yes
configure:3352: checking whether gcc accepts -g
configure:3372: gcc -c -g  conftest.c >&5
configure:3372: $? = 0
configure:3413: result: yes
configure:3430: checking for gcc option to accept ISO C89
configure:3493: gcc  -c -g -O2  conftest.c >&5
configure:3493: $? = 0
configure:3506: result: none needed
configure:3537: checking for style of include used by make
configure:3565: result: GNU
configure:3591: checking dependency style of gcc
configure:3702: result: gcc3
configure:3775: checking for g++
configure:3791: found /usr/bin/g++
configure:3802: result: g++
configure:3829: checking for C++ compiler version
configure:3838: g++ --version >&5
g++ (SUSE Linux) 4.8.3 20140627 [gcc-4_8-branch revision 212064]
Copyright (C) 2013 Free Software Foundation, Inc.
This is free software; see the source for copying conditions.  There is NO
warranty; not even for MERCHANTABILITY or FITNESS FOR A PARTICULAR PURPOSE.

configure:3849: $? = 0
configure:3838: g++ -v >&5
Using built-in specs.
COLLECT_GCC=g++
COLLECT_LTO_WRAPPER=/usr/lib64/gcc/x86_64-suse-linux/4.8/lto-wrapper
Target: x86_64-suse-linux
Configured with: ../configure --prefix=/usr --infodir=/usr/share/info --mandir=/usr/share/man --libdir=/usr/lib64 --libexecdir=/usr/lib64 --enable-languages=c,c++,objc,fortran,obj-c++,java,ada --enable-checking=release --with-gxx-include-dir=/usr/include/c++/4.8 --enable-ssp --disable-libssp --disable-plugin --with-bugurl=http://bugs.opensuse.org/ --with-pkgversion='SUSE Linux' --disable-libgcj --disable-libmudflap --with-slibdir=/lib64 --with-system-zlib --enable-__cxa_atexit --enable-libstdcxx-allocator=new --disable-libstdcxx-pch --enable-version-specific-runtime-libs --enable-linker-build-id --enable-linux-futex --program-suffix=-4.8 --without-system-libunwind --with-arch-32=i586 --with-tune=generic --build=x86_64-suse-linux --host=x86_64-suse-linux
Thread model: posix
gcc version 4.8.3 20140627 [gcc-4_8-branch revision 212064] (SUSE Linux) 
configure:3849: $? = 0
configure:3838: g++ -V >&5
g++: error: unrecognized command line option '-V'
g++: fatal error: no input files
compilation terminated.
configure:3849: $? = 1
configure:3838: g++ -qversion >&5
g++: error: unrecognized command line option '-qversion'
g++: fatal error: no input files
compilation terminated.
configure:3849: $? = 1
configure:3853: checking whether we are using the GNU C++ compiler
configure:3872: g++ -c   conftest.cpp >&5
configure:3872: $? = 0
configure:3881: result: yes
configure:3890: checking whether g++ accepts -g
configure:3910: g++ -c -g  conftest.cpp >&5
configure:3910: $? = 0
configure:3951: result: yes
configure:3976: checking dependency style of g++
configure:4087: result: gcc3
configure:4146: checking for ranlib
configure:4162: found /usr/bin/ranlib
configure:4173: result: ranlib
configure:4195: checking for a sed that does not truncate output
configure:4259: result: /usr/bin/sed
configure:4264: checking for grep that handles long lines and -e
configure:4322: result: /usr/bin/grep
configure:4352: checking how to run the C++ preprocessor
configure:4379: g++ -E  conftest.cpp
configure:4379: $? = 0
configure:4393: g++ -E  conftest.cpp
conftest.cpp:11:28: fatal error: ac_nonexistent.h: No such file or directory
 #include <ac_nonexistent.h>
                            ^
compilation terminated.
configure:4393: $? = 1
configure: failed program was:
| /* confdefs.h */
| #define PACKAGE_NAME "ngpt"
| #define PACKAGE_TARNAME "ngpt"
| #define PACKAGE_VERSION "0.10"
| #define PACKAGE_STRING "ngpt 0.10"
| #define PACKAGE_BUGREPORT "xanthos@mail.ntua.gr"
| #define PACKAGE_URL "http://dionysos.survey.ntua.gr"
| #define PACKAGE "ngpt"
| #define VERSION "0.10"
| /* end confdefs.h.  */
| #include <ac_nonexistent.h>
configure:4418: result: g++ -E
configure:4438: g++ -E  conftest.cpp
configure:4438: $? = 0
configure:4452: g++ -E  conftest.cpp
conftest.cpp:11:28: fatal error: ac_nonexistent.h: No such file or directory
 #include <ac_nonexistent.h>
                            ^
compilation terminated.
configure:4452: $? = 1
configure: failed program was:
| /* confdefs.h */
| #define PACKAGE_NAME "ngpt"
| #define PACKAGE_TARNAME "ngpt"
| #define PACKAGE_VERSION "0.10"
| #define PACKAGE_STRING "ngpt 0.10"
| #define PACKAGE_BUGREPORT "xanthos@mail.ntua.gr"
| #define PACKAGE_URL "http://dionysos.survey.ntua.gr"
| #define PACKAGE "ngpt"
| #define VERSION "0.10"
| /* end confdefs.h.  */
| #include <ac_nonexistent.h>
configure:4481: checking for egrep
configure:4543: result: /usr/bin/grep -E
configure:4548: checking for ANSI C header files
configure:4568: g++ -c -g -O2  conftest.cpp >&5
configure:4568: $? = 0
configure:4641: g++ -o conftest -g -O2   conftest.cpp  >&5
configure:4641: $? = 0
configure:4641: ./conftest
configure:4641: $? = 0
configure:4652: result: yes
configure:4665: checking for sys/types.h
configure:4665: g++ -c -g -O2  conftest.cpp >&5
configure:4665: $? = 0
configure:4665: result: yes
configure:4665: checking for sys/stat.h
configure:4665: g++ -c -g -O2  conftest.cpp >&5
configure:4665: $? = 0
configure:4665: result: yes
configure:4665: checking for stdlib.h
configure:4665: g++ -c -g -O2  conftest.cpp >&5
configure:4665: $? = 0
configure:4665: result: yes
configure:4665: checking for string.h
configure:4665: g++ -c -g -O2  conftest.cpp >&5
configure:4665: $? = 0
configure:4665: result: yes
configure:4665: checking for memory.h
configure:4665: g++ -c -g -O2  conftest.cpp >&5
configure:4665: $? = 0
configure:4665: result: yes
configure:4665: checking for strings.h
configure:4665: g++ -c -g -O2  conftest.cpp >&5
configure:4665: $? = 0
configure:4665: result: yes
configure:4665: checking for inttypes.h
configure:4665: g++ -c -g -O2  conftest.cpp >&5
configure:4665: $? = 0
configure:4665: result: yes
configure:4665: checking for stdint.h
configure:4665: g++ -c -g -O2  conftest.cpp >&5
configure:4665: $? = 0
configure:4665: result: yes
configure:4665: checking for unistd.h
configure:4665: g++ -c -g -O2  conftest.cpp >&5
configure:4665: $? = 0
configure:4665: result: yes
configure:4677: checking for stdbool.h that conforms to C99
configure:4744: g++ -c -g -O2  conftest.cpp >&5
configure:4744: $? = 0
configure:4751: result: yes
configure:4753: checking for _Bool
configure:4753: g++ -c -g -O2  conftest.cpp >&5
conftest.cpp: In function 'int main()':
conftest.cpp:57:13: error: '_Bool' was not declared in this scope
 if (sizeof (_Bool))
             ^
configure:4753: $? = 1
configure: failed program was:
| /* confdefs.h */
| #define PACKAGE_NAME "ngpt"
| #define PACKAGE_TARNAME "ngpt"
| #define PACKAGE_VERSION "0.10"
| #define PACKAGE_STRING "ngpt 0.10"
| #define PACKAGE_BUGREPORT "xanthos@mail.ntua.gr"
| #define PACKAGE_URL "http://dionysos.survey.ntua.gr"
| #define PACKAGE "ngpt"
| #define VERSION "0.10"
| #define STDC_HEADERS 1
| #define HAVE_SYS_TYPES_H 1
| #define HAVE_SYS_STAT_H 1
| #define HAVE_STDLIB_H 1
| #define HAVE_STRING_H 1
| #define HAVE_MEMORY_H 1
| #define HAVE_STRINGS_H 1
| #define HAVE_INTTYPES_H 1
| #define HAVE_STDINT_H 1
| #define HAVE_UNISTD_H 1
| /* end confdefs.h.  */
| #include <stdio.h>
| #ifdef HAVE_SYS_TYPES_H
| # include <sys/types.h>
| #endif
| #ifdef HAVE_SYS_STAT_H
| # include <sys/stat.h>
| #endif
| #ifdef STDC_HEADERS
| # include <stdlib.h>
| # include <stddef.h>
| #else
| # ifdef HAVE_STDLIB_H
| #  include <stdlib.h>
| # endif
| #endif
| #ifdef HAVE_STRING_H
| # if !defined STDC_HEADERS && defined HAVE_MEMORY_H
| #  include <memory.h>
| # endif
| # include <string.h>
| #endif
| #ifdef HAVE_STRINGS_H
| # include <strings.h>
| #endif
| #ifdef HAVE_INTTYPES_H
| # include <inttypes.h>
| #endif
| #ifdef HAVE_STDINT_H
| # include <stdint.h>
| #endif
| #ifdef HAVE_UNISTD_H
| # include <unistd.h>
| #endif
| int
| main ()
| {
| if (sizeof (_Bool))
| 	 return 0;
|   ;
|   return 0;
| }
configure:4753: result: no
configure:4764: checking for inline
configure:4780: g++ -c -g -O2  conftest.cpp >&5
configure:4780: $? = 0
configure:4788: result: inline
configure:4811: checking for floor
configure:4811: g++ -o conftest -g -O2   conftest.cpp  >&5
configure:4811: $? = 0
configure:4811: result: yes
configure:4811: checking for modf
configure:4811: g++ -o conftest -g -O2   conftest.cpp  >&5
configure:4811: $? = 0
configure:4811: result: yes
configure:4811: checking for pow
configure:4811: g++ -o conftest -g -O2   conftest.cpp  >&5
configure:4811: $? = 0
configure:4811: result: yes
configure:4811: checking for sqrt
configure:4811: g++ -o conftest -g -O2   conftest.cpp  >&5
configure:4811: $? = 0
configure:4811: result: yes
configure:4933: checking that generated files are newer than configure
configure:4939: result: done
configure:4966: creating ./config.status

## ---------------------- ##
## Running config.status. ##
## ---------------------- ##

This file was extended by ngpt config.status 0.10, which was
generated by GNU Autoconf 2.69.  Invocation command line was

  CONFIG_FILES    = 
  CONFIG_HEADERS  = 
  CONFIG_LINKS    = 
  CONFIG_COMMANDS = 
  $ ./config.status 

on durruti

config.status:867: creating Makefile
config.status:867: creating src/Makefile
config.status:867: creating examples/Makefile
config.status:867: creating config.h
config.status:1048: config.h is unchanged
config.status:1096: executing depfiles commands

## ---------------- ##
## Cache variables. ##
## ---------------- ##

ac_cv_c_compiler_gnu=yes
ac_cv_c_inline=inline
ac_cv_cxx_compiler_gnu=yes
ac_cv_env_CCC_set=
ac_cv_env_CCC_value=
ac_cv_env_CC_set=
ac_cv_env_CC_value=
ac_cv_env_CFLAGS_set=
ac_cv_env_CFLAGS_value=
ac_cv_env_CPPFLAGS_set=
ac_cv_env_CPPFLAGS_value=
ac_cv_env_CXXCPP_set=
ac_cv_env_CXXCPP_value=
ac_cv_env_CXXFLAGS_set=
ac_cv_env_CXXFLAGS_value=
ac_cv_env_CXX_set=
ac_cv_env_CXX_value=
ac_cv_env_LDFLAGS_set=
ac_cv_env_LDFLAGS_value=
ac_cv_env_LIBS_set=
ac_cv_env_LIBS_value=
ac_cv_env_build_alias_set=
ac_cv_env_build_alias_value=
ac_cv_env_host_alias_set=
ac_cv_env_host_alias_value=
ac_cv_env_target_alias_set=
ac_cv_env_target_alias_value=
ac_cv_func_floor=yes
ac_cv_func_modf=yes
ac_cv_func_pow=yes
ac_cv_func_sqrt=yes
ac_cv_header_inttypes_h=yes
ac_cv_header_memory_h=yes
ac_cv_header_stdbool_h=yes
ac_cv_header_stdc=yes
ac_cv_header_stdint_h=yes
ac_cv_header_stdlib_h=yes
ac_cv_header_string_h=yes
ac_cv_header_strings_h=yes
ac_cv_header_sys_stat_h=yes
ac_cv_header_sys_types_h=yes
ac_cv_header_unistd_h=yes
ac_cv_objext=o
ac_cv_path_EGREP='/usr/bin/grep -E'
ac_cv_path_GREP=/usr/bin/grep
ac_cv_path_SED=/usr/bin/sed
ac_cv_path_install='/usr/bin/install -c'
ac_cv_path_mkdir=/usr/bin/mkdir
ac_cv_prog_AWK=gawk
ac_cv_prog_CXXCPP='g++ -E'
ac_cv_prog_ac_ct_CC=gcc
ac_cv_prog_ac_ct_CXX=g++
ac_cv_prog_ac_ct_RANLIB=ranlib
ac_cv_prog_cc_c89=
ac_cv_prog_cc_g=yes
ac_cv_prog_cxx_g=yes
ac_cv_prog_make_make_set=yes
ac_cv_type__Bool=no
am_cv_CC_dependencies_compiler_type=gcc3
am_cv_CXX_dependencies_compiler_type=gcc3
am_cv_make_support_nested_variables=yes

## ----------------- ##
## Output variables. ##
## ----------------- ##

ACLOCAL='${SHELL} /home/xanthos/Software/chaos-ngpt/missing aclocal-1.13'
AMDEPBACKSLASH='\'
AMDEP_FALSE='#'
AMDEP_TRUE=''
AMTAR='$${TAR-tar}'
AM_BACKSLASH='\'
AM_DEFAULT_V='$(AM_DEFAULT_VERBOSITY)'
AM_DEFAULT_VERBOSITY='1'
AM_V='$(V)'
AUTOCONF='${SHELL} /home/xanthos/Software/chaos-ngpt/missing autoconf'
AUTOHEADER='${SHELL} /home/xanthos/Software/chaos-ngpt/missing autoheader'
AUTOMAKE='${SHELL} /home/xanthos/Software/chaos-ngpt/missing automake-1.13'
AWK='gawk'
CC='gcc'
CCDEPMODE='depmode=gcc3'
CFLAGS='-g -O2'
CPPFLAGS=''
CXX='g++'
CXXCPP='g++ -E'
CXXDEPMODE='depmode=gcc3'
CXXFLAGS='-g -O2'
CYGPATH_W='echo'
DEFS='-DHAVE_CONFIG_H'
DEPDIR='.deps'
ECHO_C=''
ECHO_N='-n'
ECHO_T=''
EGREP='/usr/bin/grep -E'
EXEEXT=''
GREP='/usr/bin/grep'
INSTALL_DATA='${INSTALL} -m 644'
INSTALL_PROGRAM='${INSTALL}'
INSTALL_SCRIPT='${INSTALL}'
INSTALL_STRIP_PROGRAM='$(install_sh) -c -s'
LDFLAGS=''
LIBOBJS=''
LIBS=''
LTLIBOBJS=''
MAKEINFO='${SHELL} /home/xanthos/Software/chaos-ngpt/missing makeinfo'
MKDIR_P='/usr/bin/mkdir -p'
OBJEXT='o'
PACKAGE='ngpt'
PACKAGE_BUGREPORT='xanthos@mail.ntua.gr'
PACKAGE_NAME='ngpt'
PACKAGE_STRING='ngpt 0.10'
PACKAGE_TARNAME='ngpt'
PACKAGE_URL='http://dionysos.survey.ntua.gr'
PACKAGE_VERSION='0.10'
PATH_SEPARATOR=':'
RANLIB='ranlib'
SED='/usr/bin/sed'
SET_MAKE=''
SHELL='/bin/sh'
STRIP=''
VERSION='0.10'
ac_ct_CC='gcc'
ac_ct_CXX='g++'
am__EXEEXT_FALSE=''
am__EXEEXT_TRUE='#'
am__fastdepCC_FALSE='#'
am__fastdepCC_TRUE=''
am__fastdepCXX_FALSE='#'
am__fastdepCXX_TRUE=''
am__include='include'
am__isrc=''
am__leading_dot='.'
am__nodep='_no'
am__quote=''
am__tar='$${TAR-tar} chof - "$$tardir"'
am__untar='$${TAR-tar} xf -'
bindir='${exec_prefix}/bin'
build_alias=''
datadir='${datarootdir}'
datarootdir='${prefix}/share'
docdir='${datarootdir}/doc/${PACKAGE_TARNAME}'
dvidir='${docdir}'
exec_prefix='${prefix}'
host_alias=''
htmldir='${docdir}'
includedir='${prefix}/include'
infodir='${datarootdir}/info'
install_sh='${SHELL} /home/xanthos/Software/chaos-ngpt/install-sh'
libdir='${exec_prefix}/lib64'
libexecdir='${exec_prefix}/lib'
localedir='${datarootdir}/locale'
localstatedir='${prefix}/var'
mandir='${datarootdir}/man'
mkdir_p='$(MKDIR_P)'
oldincludedir='/usr/include'
pdfdir='${docdir}'
prefix='/usr/local'
program_transform_name='s,x,x,'
psdir='${docdir}'
sbindir='${exec_prefix}/sbin'
sharedstatedir='${prefix}/com'
sysconfdir='${prefix}/etc'
target_alias=''

## ----------- ##
## confdefs.h. ##
## ----------- ##

/* confdefs.h */
#define PACKAGE_NAME "ngpt"
#define PACKAGE_TARNAME "ngpt"
#define PACKAGE_VERSION "0.10"
#define PACKAGE_STRING "ngpt 0.10"
#define PACKAGE_BUGREPORT "xanthos@mail.ntua.gr"
#define PACKAGE_URL "http://dionysos.survey.ntua.gr"
#define PACKAGE "ngpt"
#define VERSION "0.10"
#define STDC_HEADERS 1
#define HAVE_SYS_TYPES_H 1
#define HAVE_SYS_STAT_H 1
#define HAVE_STDLIB_H 1
#define HAVE_STRING_H 1
#define HAVE_MEMORY_H 1
#define HAVE_STRINGS_H 1
#define HAVE_INTTYPES_H 1
#define HAVE_STDINT_H 1
#define HAVE_UNISTD_H 1
#define HAVE_FLOOR 1
#define HAVE_MODF 1
#define HAVE_POW 1
#define HAVE_SQRT 1

configure: exit 0

## ---------------------- ##
## Running config.status. ##
## ---------------------- ##

This file was extended by ngpt config.status 0.10, which was
generated by GNU Autoconf 2.69.  Invocation command line was

  CONFIG_FILES    = 
  CONFIG_HEADERS  = 
  CONFIG_LINKS    = 
  CONFIG_COMMANDS = 
  $ ./config.status config.h

on durruti

config.status:867: creating config.h
config.status:1048: config.h is unchanged
